[35m[1mScanning dependencies of target planning_node[0m
[ 66%] [32mBuilding CXX object src/planning_process/CMakeFiles/planning_node.dir/planning_node.cpp.o[0m
[ 66%] [32mBuilding CXX object src/planning_process/CMakeFiles/planning_node.dir/planning_process.cpp.o[0m
In file included from [01m[K/opt/ros/humble/include/rclcpp/service.hpp:34[m[K,
                 from [01m[K/opt/ros/humble/include/rclcpp/callback_group.hpp:25[m[K,
                 from [01m[K/opt/ros/humble/include/rclcpp/any_executable.hpp:20[m[K,
                 from [01m[K/opt/ros/humble/include/rclcpp/memory_strategy.hpp:25[m[K,
                 from [01m[K/opt/ros/humble/include/rclcpp/memory_strategies.hpp:18[m[K,
                 from [01m[K/opt/ros/humble/include/rclcpp/executor_options.hpp:20[m[K,
                 from [01m[K/opt/ros/humble/include/rclcpp/executor.hpp:36[m[K,
                 from [01m[K/opt/ros/humble/include/rclcpp/executors/multi_threaded_executor.hpp:26[m[K,
                 from [01m[K/opt/ros/humble/include/rclcpp/executors.hpp:21[m[K,
                 from [01m[K/opt/ros/humble/include/rclcpp/rclcpp.hpp:156[m[K,
                 from [01m[K/home/apan/Desktop/ws_ROS2PNC/src/planning/src/planning_process/planning_process.h:4[m[K,
                 from [01m[K/home/apan/Desktop/ws_ROS2PNC/src/planning/src/planning_process/planning_process.cpp:1[m[K:
[01m[K/home/apan/Desktop/ws_ROS2PNC/src/planning/src/planning_process/planning_process.cpp:[m[K In function â€˜[01m[Kbool Planning::process()[m[Kâ€™:
[01m[K/home/apan/Desktop/ws_ROS2PNC/src/planning/src/planning_process/planning_process.cpp:12:21:[m[K [01;31m[Kerror: [m[Kinvalid use of â€˜[01m[Kthis[m[Kâ€™ in non-member function
   12 |         RCLCPP_INFO([01;31m[Kthis[m[K->get_logger(), "Processing ...");
      |                     [01;31m[K^~~~[m[K
[01m[K/home/apan/Desktop/ws_ROS2PNC/src/planning/src/planning_process/planning_process.cpp:12:21:[m[K [01;31m[Kerror: [m[Kinvalid use of â€˜[01m[Kthis[m[Kâ€™ in non-member function
[01m[K/home/apan/Desktop/ws_ROS2PNC/src/planning/src/planning_process/planning_process.cpp:12:9:[m[K [01;31m[Kerror: [m[Ktemplate argument 1 is invalid
   12 |         [01;31m[KRCLCPP_INFO[m[K(this->get_logger(), "Processing ...");
      |         [01;31m[K^~~~~~~~~~~[m[K
[01m[K/home/apan/Desktop/ws_ROS2PNC/src/planning/src/planning_process/planning_process.cpp:12:9:[m[K [01;31m[Kerror: [m[Ktemplate argument 1 is invalid
   12 |         [01;31m[KRCLCPP_INFO[m[K(this->get_logger(), "Processing ...");
      |         [01;31m[K^~~~~~~~~~~[m[K
[01m[K/home/apan/Desktop/ws_ROS2PNC/src/planning/src/planning_process/planning_process.cpp:12:9:[m[K [01;31m[Kerror: [m[Ktemplate argument 1 is invalid
   12 |         [01;31m[KRCLCPP_INFO[m[K(this->get_logger(), "Processing ...");
      |         [01;31m[K^~~~~~~~~~~[m[K
In file included from [01m[K/opt/ros/humble/include/rclcpp/client.hpp:40[m[K,
                 from [01m[K/opt/ros/humble/include/rclcpp/callback_group.hpp:23[m[K,
                 from [01m[K/opt/ros/humble/include/rclcpp/any_executable.hpp:20[m[K,
                 from [01m[K/opt/ros/humble/include/rclcpp/memory_strategy.hpp:25[m[K,
                 from [01m[K/opt/ros/humble/include/rclcpp/memory_strategies.hpp:18[m[K,
                 from [01m[K/opt/ros/humble/include/rclcpp/executor_options.hpp:20[m[K,
                 from [01m[K/opt/ros/humble/include/rclcpp/executor.hpp:36[m[K,
                 from [01m[K/opt/ros/humble/include/rclcpp/executors/multi_threaded_executor.hpp:26[m[K,
                 from [01m[K/opt/ros/humble/include/rclcpp/executors.hpp:21[m[K,
                 from [01m[K/opt/ros/humble/include/rclcpp/rclcpp.hpp:156[m[K,
                 from [01m[K/home/apan/Desktop/ws_ROS2PNC/src/planning/src/planning_process/planning_process.h:4[m[K,
                 from [01m[K/home/apan/Desktop/ws_ROS2PNC/src/planning/src/planning_process/planning_process.cpp:1[m[K:
[01m[K/home/apan/Desktop/ws_ROS2PNC/src/planning/src/planning_process/planning_process.cpp:12:21:[m[K [01;31m[Kerror: [m[Kinvalid use of â€˜[01m[Kthis[m[Kâ€™ in non-member function
   12 |         RCLCPP_INFO([01;31m[Kthis[m[K->get_logger(), "Processing ...");
      |                     [01;31m[K^~~~[m[K
[01m[K/home/apan/Desktop/ws_ROS2PNC/src/planning/src/planning_process/planning_process.cpp:12:21:[m[K [01;31m[Kerror: [m[Kinvalid use of â€˜[01m[Kthis[m[Kâ€™ in non-member function
   12 |         RCLCPP_INFO([01;31m[Kthis[m[K->get_logger(), "Processing ...");
      |                     [01;31m[K^~~~[m[K
make[2]: *** [src/planning_process/CMakeFiles/planning_node.dir/build.make:95ï¼šsrc/planning_process/CMakeFiles/planning_node.dir/planning_process.cpp.o] é”™è¯¯ 1
make[2]: *** æ­£åœ¨ç­‰å¾…æœªå®Œæˆçš„ä»»åŠ¡....
make[1]: *** [CMakeFiles/Makefile2:337ï¼šsrc/planning_process/CMakeFiles/planning_node.dir/all] é”™è¯¯ 2
make: *** [Makefile:160ï¼šall] é”™è¯¯ 2
