[0.233s] Invoking command in '/home/apan/Desktop/ws_ROS2PNC/build/planning': CMAKE_PREFIX_PATH=/home/apan/Desktop/ws_ROS2PNC/install/base_msgs:/home/apan/Desktop/ws_ROS2PNC/install/planning:/home/apan/Desktop/ws_ROS2PNC/install/data_plot:/opt/ros/humble CONDA_PROMPT_MODIFIER=(base) /home/apan/anaconda3/bin/cmake --build /home/apan/Desktop/ws_ROS2PNC/build/planning -- -j16 -l16
[0.258s] [35m[1mScanning dependencies of target planning_node[0m
[0.285s] [ 66%] [32mBuilding CXX object src/planning_process/CMakeFiles/planning_node.dir/planning_node.cpp.o[0m
[0.285s] [ 66%] [32mBuilding CXX object src/planning_process/CMakeFiles/planning_node.dir/planning_process.cpp.o[0m
[1.926s] In file included from [01m[K/opt/ros/humble/include/rclcpp/service.hpp:34[m[K,
[1.926s]                  from [01m[K/opt/ros/humble/include/rclcpp/callback_group.hpp:25[m[K,
[1.926s]                  from [01m[K/opt/ros/humble/include/rclcpp/any_executable.hpp:20[m[K,
[1.926s]                  from [01m[K/opt/ros/humble/include/rclcpp/memory_strategy.hpp:25[m[K,
[1.926s]                  from [01m[K/opt/ros/humble/include/rclcpp/memory_strategies.hpp:18[m[K,
[1.926s]                  from [01m[K/opt/ros/humble/include/rclcpp/executor_options.hpp:20[m[K,
[1.927s]                  from [01m[K/opt/ros/humble/include/rclcpp/executor.hpp:36[m[K,
[1.927s]                  from [01m[K/opt/ros/humble/include/rclcpp/executors/multi_threaded_executor.hpp:26[m[K,
[1.927s]                  from [01m[K/opt/ros/humble/include/rclcpp/executors.hpp:21[m[K,
[1.927s]                  from [01m[K/opt/ros/humble/include/rclcpp/rclcpp.hpp:156[m[K,
[1.927s]                  from [01m[K/home/apan/Desktop/ws_ROS2PNC/src/planning/src/planning_process/planning_process.h:4[m[K,
[1.927s]                  from [01m[K/home/apan/Desktop/ws_ROS2PNC/src/planning/src/planning_process/planning_process.cpp:1[m[K:
[1.927s] [01m[K/home/apan/Desktop/ws_ROS2PNC/src/planning/src/planning_process/planning_process.cpp:[m[K In function â€˜[01m[Kbool Planning::process()[m[Kâ€™:
[1.927s] [01m[K/home/apan/Desktop/ws_ROS2PNC/src/planning/src/planning_process/planning_process.cpp:12:21:[m[K [01;31m[Kerror: [m[Kinvalid use of â€˜[01m[Kthis[m[Kâ€™ in non-member function
[1.927s]    12 |         RCLCPP_INFO([01;31m[Kthis[m[K->get_logger(), "Processing ...");
[1.927s]       |                     [01;31m[K^~~~[m[K
[1.927s] [01m[K/home/apan/Desktop/ws_ROS2PNC/src/planning/src/planning_process/planning_process.cpp:12:21:[m[K [01;31m[Kerror: [m[Kinvalid use of â€˜[01m[Kthis[m[Kâ€™ in non-member function
[1.927s] [01m[K/home/apan/Desktop/ws_ROS2PNC/src/planning/src/planning_process/planning_process.cpp:12:9:[m[K [01;31m[Kerror: [m[Ktemplate argument 1 is invalid
[1.927s]    12 |         [01;31m[KRCLCPP_INFO[m[K(this->get_logger(), "Processing ...");
[1.927s]       |         [01;31m[K^~~~~~~~~~~[m[K
[1.927s] [01m[K/home/apan/Desktop/ws_ROS2PNC/src/planning/src/planning_process/planning_process.cpp:12:9:[m[K [01;31m[Kerror: [m[Ktemplate argument 1 is invalid
[1.928s]    12 |         [01;31m[KRCLCPP_INFO[m[K(this->get_logger(), "Processing ...");
[1.928s]       |         [01;31m[K^~~~~~~~~~~[m[K
[1.928s] [01m[K/home/apan/Desktop/ws_ROS2PNC/src/planning/src/planning_process/planning_process.cpp:12:9:[m[K [01;31m[Kerror: [m[Ktemplate argument 1 is invalid
[1.928s]    12 |         [01;31m[KRCLCPP_INFO[m[K(this->get_logger(), "Processing ...");
[1.928s]       |         [01;31m[K^~~~~~~~~~~[m[K
[1.928s] In file included from [01m[K/opt/ros/humble/include/rclcpp/client.hpp:40[m[K,
[1.928s]                  from [01m[K/opt/ros/humble/include/rclcpp/callback_group.hpp:23[m[K,
[1.928s]                  from [01m[K/opt/ros/humble/include/rclcpp/any_executable.hpp:20[m[K,
[1.928s]                  from [01m[K/opt/ros/humble/include/rclcpp/memory_strategy.hpp:25[m[K,
[1.928s]                  from [01m[K/opt/ros/humble/include/rclcpp/memory_strategies.hpp:18[m[K,
[1.928s]                  from [01m[K/opt/ros/humble/include/rclcpp/executor_options.hpp:20[m[K,
[1.928s]                  from [01m[K/opt/ros/humble/include/rclcpp/executor.hpp:36[m[K,
[1.928s]                  from [01m[K/opt/ros/humble/include/rclcpp/executors/multi_threaded_executor.hpp:26[m[K,
[1.928s]                  from [01m[K/opt/ros/humble/include/rclcpp/executors.hpp:21[m[K,
[1.928s]                  from [01m[K/opt/ros/humble/include/rclcpp/rclcpp.hpp:156[m[K,
[1.929s]                  from [01m[K/home/apan/Desktop/ws_ROS2PNC/src/planning/src/planning_process/planning_process.h:4[m[K,
[1.929s]                  from [01m[K/home/apan/Desktop/ws_ROS2PNC/src/planning/src/planning_process/planning_process.cpp:1[m[K:
[1.929s] [01m[K/home/apan/Desktop/ws_ROS2PNC/src/planning/src/planning_process/planning_process.cpp:12:21:[m[K [01;31m[Kerror: [m[Kinvalid use of â€˜[01m[Kthis[m[Kâ€™ in non-member function
[1.929s]    12 |         RCLCPP_INFO([01;31m[Kthis[m[K->get_logger(), "Processing ...");
[1.929s]       |                     [01;31m[K^~~~[m[K
[1.929s] [01m[K/home/apan/Desktop/ws_ROS2PNC/src/planning/src/planning_process/planning_process.cpp:12:21:[m[K [01;31m[Kerror: [m[Kinvalid use of â€˜[01m[Kthis[m[Kâ€™ in non-member function
[1.929s]    12 |         RCLCPP_INFO([01;31m[Kthis[m[K->get_logger(), "Processing ...");
[1.929s]       |                     [01;31m[K^~~~[m[K
[2.510s] make[2]: *** [src/planning_process/CMakeFiles/planning_node.dir/build.make:95ï¼šsrc/planning_process/CMakeFiles/planning_node.dir/planning_process.cpp.o] é”™è¯¯ 1
[2.510s] make[2]: *** æ­£åœ¨ç­‰å¾…æœªå®Œæˆçš„ä»»åŠ¡....
[2.580s] make[1]: *** [CMakeFiles/Makefile2:337ï¼šsrc/planning_process/CMakeFiles/planning_node.dir/all] é”™è¯¯ 2
[2.580s] make: *** [Makefile:160ï¼šall] é”™è¯¯ 2
[2.581s] Invoked command in '/home/apan/Desktop/ws_ROS2PNC/build/planning' returned '2': CMAKE_PREFIX_PATH=/home/apan/Desktop/ws_ROS2PNC/install/base_msgs:/home/apan/Desktop/ws_ROS2PNC/install/planning:/home/apan/Desktop/ws_ROS2PNC/install/data_plot:/opt/ros/humble CONDA_PROMPT_MODIFIER=(base) /home/apan/anaconda3/bin/cmake --build /home/apan/Desktop/ws_ROS2PNC/build/planning -- -j16 -l16
